The system is: Windows - 10.0.22621 - AMD64
Compiling the C compiler identification source file "CMakeCCompilerId.c" succeeded.
Compiler: C:/Program Files/Microsoft Visual Studio/2022/Preview/VC/Tools/MSVC/14.37.32705/bin/Hostx86/x86/cl.exe 
Build flags: 
Id flags:  

The output was:
0
用于 x86 的 Microsoft (R) C/C++ 优化编译器 19.37.32705 版
版权所有(C) Microsoft Corporation。保留所有权利。

CMakeCCompilerId.c
Microsoft (R) Incremental Linker Version 14.37.32705.0
Copyright (C) Microsoft Corporation.  All rights reserved.

/out:CMakeCCompilerId.exe 
CMakeCCompilerId.obj 


Compilation of the C compiler identification source "CMakeCCompilerId.c" produced "CMakeCCompilerId.exe"

Compilation of the C compiler identification source "CMakeCCompilerId.c" produced "CMakeCCompilerId.obj"

The C compiler identification is MSVC, found in "D:/Code/CLion/Cplusplus-Learn/测试代码/cmake-build-debug/CMakeFiles/3.25.2/CompilerIdC/CMakeCCompilerId.exe"

Compiling the CXX compiler identification source file "CMakeCXXCompilerId.cpp" succeeded.
Compiler: C:/Program Files/Microsoft Visual Studio/2022/Preview/VC/Tools/MSVC/14.37.32705/bin/Hostx86/x86/cl.exe 
Build flags: 
Id flags:  

The output was:
0
用于 x86 的 Microsoft (R) C/C++ 优化编译器 19.37.32705 版
版权所有(C) Microsoft Corporation。保留所有权利。

CMakeCXXCompilerId.cpp
Microsoft (R) Incremental Linker Version 14.37.32705.0
Copyright (C) Microsoft Corporation.  All rights reserved.

/out:CMakeCXXCompilerId.exe 
CMakeCXXCompilerId.obj 


Compilation of the CXX compiler identification source "CMakeCXXCompilerId.cpp" produced "CMakeCXXCompilerId.exe"

Compilation of the CXX compiler identification source "CMakeCXXCompilerId.cpp" produced "CMakeCXXCompilerId.obj"

The CXX compiler identification is MSVC, found in "D:/Code/CLion/Cplusplus-Learn/测试代码/cmake-build-debug/CMakeFiles/3.25.2/CompilerIdCXX/CMakeCXXCompilerId.exe"

Detecting C compiler ABI info compiled with the following output:
Change Dir: D:/Code/CLion/Cplusplus-Learn/测试代码/cmake-build-debug/CMakeFiles/CMakeScratch/TryCompile-5374el

Run Build Command(s):D:/JetBrains/Toolbox/apps/apps/CLion/ch-0/231.9011.31/bin/ninja/win/x64/ninja.exe cmTC_6a4e5 && [1/2] Building C object CMakeFiles\cmTC_6a4e5.dir\CMakeCCompilerABI.c.obj
[2/2] Linking C executable cmTC_6a4e5.exe



Detecting CXX compiler ABI info compiled with the following output:
Change Dir: D:/Code/CLion/Cplusplus-Learn/测试代码/cmake-build-debug/CMakeFiles/CMakeScratch/TryCompile-b09eed

Run Build Command(s):D:/JetBrains/Toolbox/apps/apps/CLion/ch-0/231.9011.31/bin/ninja/win/x64/ninja.exe cmTC_6cbc0 && [1/2] Building CXX object CMakeFiles\cmTC_6cbc0.dir\CMakeCXXCompilerABI.cpp.obj
[2/2] Linking CXX executable cmTC_6cbc0.exe



